<?xml version="1.0" encoding="UTF-8"?>
<testsuite name="com.library.app.category.repository.CategoryRepositoryUTest" time="2.393" tests="8" errors="0" skipped="0" failures="0">
  <properties>
[...]
</properties>
  <testcase name="findCategoryByIdWithNullId" classname="com.library.app.category.repository.CategoryRepositoryUTest" time="1.938"/>
  <testcase name="alreadyExistsForAdd" classname="com.library.app.category.repository.CategoryRepositoryUTest" time="0.247"/>
  <testcase name="addCategoryAndFindIt" classname="com.library.app.category.repository.CategoryRepositoryUTest" time="0.038"/>
  <testcase name="alreadyExistsCategoryWithId" classname="com.library.app.category.repository.CategoryRepositoryUTest" time="0.035"/>
  <testcase name="findAllCategories" classname="com.library.app.category.repository.CategoryRepositoryUTest" time="0.034"/>
  <testcase name="existsById" classname="com.library.app.category.repository.CategoryRepositoryUTest" time="0.028"/>
  <testcase name="updateCategory" classname="com.library.app.category.repository.CategoryRepositoryUTest" time="0.046"/>
  <testcase name="findCategoryByIdNotFound" classname="com.library.app.category.repository.CategoryRepositoryUTest" time="0.027"/>
</testsuite>